<?xml version="1.0" encoding="UTF-8"?>
<!-- Generated by org.testng.reporters.JUnitReportReporter -->
<testsuite hostname="VirendraBhagat" failures="0" tests="1" name="Com.Infogain.Automation.Bookmyshow.BookMyshowTest" time="42.967" errors="0" timestamp="01 Jul 2019 09:57:36 GMT" skipped="0">
  <testcase classname="Com.Infogain.Automation.Bookmyshow.BookMyshowTest" name="bookMyShowLanding" time="42.967"/>
</testsuite> <!-- Com.Infogain.Automation.Bookmyshow.BookMyshowTest -->
